This is pdfTeX, Version 3.14159265-2.6-1.40.16 (MiKTeX 2.9) (preloaded format=pdflatex 2015.10.13)  9 DEC 2015 16:48
entering extended mode
**milestone2.tex
(milestone2.tex
LaTeX2e <2015/01/01> patch level 2
Babel <3.9m> and hyphenation patterns for 69 languages loaded.
("C:\Program Files (x86)\MiKTeX 2.9\tex\latex\base\article.cls"
Document Class: article 2014/09/29 v1.4h Standard LaTeX document class
("C:\Program Files (x86)\MiKTeX 2.9\tex\latex\base\size11.clo"
File: size11.clo 2014/09/29 v1.4h Standard LaTeX file (size option)
)
\c@part=\count79
\c@section=\count80
\c@subsection=\count81
\c@subsubsection=\count82
\c@paragraph=\count83
\c@subparagraph=\count84
\c@figure=\count85
\c@table=\count86
\abovecaptionskip=\skip41
\belowcaptionskip=\skip42
\bibindent=\dimen102
)
("C:\Program Files (x86)\MiKTeX 2.9\tex\latex\geometry\geometry.sty"
Package: geometry 2010/09/12 v5.6 Page Geometry

("C:\Program Files (x86)\MiKTeX 2.9\tex\latex\graphics\keyval.sty"
Package: keyval 2014/10/28 v1.15 key=value parser (DPC)
\KV@toks@=\toks14
)
("C:\Program Files (x86)\MiKTeX 2.9\tex\generic\oberdiek\ifpdf.sty"
Package: ifpdf 2011/01/30 v2.3 Provides the ifpdf switch (HO)
Package ifpdf Info: pdfTeX in PDF mode is detected.
)
("C:\Program Files (x86)\MiKTeX 2.9\tex\generic\oberdiek\ifvtex.sty"
Package: ifvtex 2010/03/01 v1.5 Detect VTeX and its facilities (HO)
Package ifvtex Info: VTeX not detected.
)
("C:\Program Files (x86)\MiKTeX 2.9\tex\generic\ifxetex\ifxetex.sty"
Package: ifxetex 2010/09/12 v0.6 Provides ifxetex conditional
)
\Gm@cnth=\count87
\Gm@cntv=\count88
\c@Gm@tempcnt=\count89
\Gm@bindingoffset=\dimen103
\Gm@wd@mp=\dimen104
\Gm@odd@mp=\dimen105
\Gm@even@mp=\dimen106
\Gm@layoutwidth=\dimen107
\Gm@layoutheight=\dimen108
\Gm@layouthoffset=\dimen109
\Gm@layoutvoffset=\dimen110
\Gm@dimlist=\toks15

("C:\Program Files (x86)\MiKTeX 2.9\tex\latex\geometry\geometry.cfg"))
("C:\Program Files (x86)\MiKTeX 2.9\tex\latex\graphics\graphicx.sty"
Package: graphicx 2014/10/28 v1.0g Enhanced LaTeX Graphics (DPC,SPQR)

("C:\Program Files (x86)\MiKTeX 2.9\tex\latex\graphics\graphics.sty"
Package: graphics 2014/10/28 v1.0p Standard LaTeX Graphics (DPC,SPQR)

("C:\Program Files (x86)\MiKTeX 2.9\tex\latex\graphics\trig.sty"
Package: trig 1999/03/16 v1.09 sin cos tan (DPC)
)
("C:\Program Files (x86)\MiKTeX 2.9\tex\latex\00miktex\graphics.cfg"
File: graphics.cfg 2007/01/18 v1.5 graphics configuration of teTeX/TeXLive
)
Package graphics Info: Driver file: pdftex.def on input line 94.

("C:\Program Files (x86)\MiKTeX 2.9\tex\latex\pdftex-def\pdftex.def"
File: pdftex.def 2011/05/27 v0.06d Graphics/color for pdfTeX

("C:\Program Files (x86)\MiKTeX 2.9\tex\generic\oberdiek\infwarerr.sty"
Package: infwarerr 2010/04/08 v1.3 Providing info/warning/error messages (HO)
)
("C:\Program Files (x86)\MiKTeX 2.9\tex\generic\oberdiek\ltxcmds.sty"
Package: ltxcmds 2011/11/09 v1.22 LaTeX kernel commands for general use (HO)
)
\Gread@gobject=\count90
))
\Gin@req@height=\dimen111
\Gin@req@width=\dimen112
)
("C:\Program Files (x86)\MiKTeX 2.9\tex\latex\listings\listings.sty"
\lst@mode=\count91
\lst@gtempboxa=\box26
\lst@token=\toks16
\lst@length=\count92
\lst@currlwidth=\dimen113
\lst@column=\count93
\lst@pos=\count94
\lst@lostspace=\dimen114
\lst@width=\dimen115
\lst@newlines=\count95
\lst@lineno=\count96
\lst@maxwidth=\dimen116

("C:\Program Files (x86)\MiKTeX 2.9\tex\latex\listings\lstmisc.sty"
File: lstmisc.sty 2015/06/04 1.6 (Carsten Heinz)
\c@lstnumber=\count97
\lst@skipnumbers=\count98
\lst@framebox=\box27
)
("C:\Program Files (x86)\MiKTeX 2.9\tex\latex\listings\listings.cfg"
File: listings.cfg 2015/06/04 1.6 listings configuration
))
Package: listings 2015/06/04 1.6 (Carsten Heinz)

("C:\Program Files (x86)\MiKTeX 2.9\tex\latex\oberdiek\epstopdf.sty"
Package: epstopdf 2010/02/09 v2.5 Conversion with epstopdf on the fly (HO)

("C:\Program Files (x86)\MiKTeX 2.9\tex\latex\oberdiek\epstopdf-base.sty"
Package: epstopdf-base 2010/02/09 v2.5 Base part for package epstopdf

("C:\Program Files (x86)\MiKTeX 2.9\tex\latex\oberdiek\grfext.sty"
Package: grfext 2010/08/19 v1.1 Manage graphics extensions (HO)

("C:\Program Files (x86)\MiKTeX 2.9\tex\generic\oberdiek\kvdefinekeys.sty"
Package: kvdefinekeys 2011/04/07 v1.3 Define keys (HO)
))
("C:\Program Files (x86)\MiKTeX 2.9\tex\latex\oberdiek\kvoptions.sty"
Package: kvoptions 2011/06/30 v3.11 Key value format for package options (HO)

("C:\Program Files (x86)\MiKTeX 2.9\tex\generic\oberdiek\kvsetkeys.sty"
Package: kvsetkeys 2012/04/25 v1.16 Key value parser (HO)

("C:\Program Files (x86)\MiKTeX 2.9\tex\generic\oberdiek\etexcmds.sty"
Package: etexcmds 2011/02/16 v1.5 Avoid name clashes with e-TeX commands (HO)

("C:\Program Files (x86)\MiKTeX 2.9\tex\generic\oberdiek\ifluatex.sty"
Package: ifluatex 2010/03/01 v1.3 Provides the ifluatex switch (HO)
Package ifluatex Info: LuaTeX not detected.
)
Package etexcmds Info: Could not find \expanded.
(etexcmds)             That can mean that you are not using pdfTeX 1.50 or
(etexcmds)             that some package has redefined \expanded.
(etexcmds)             In the latter case, load this package earlier.
)))
("C:\Program Files (x86)\MiKTeX 2.9\tex\generic\oberdiek\pdftexcmds.sty"
Package: pdftexcmds 2011/11/29 v0.20 Utility functions of pdfTeX for LuaTeX (HO
)
Package pdftexcmds Info: LuaTeX not detected.
Package pdftexcmds Info: \pdf@primitive is available.
Package pdftexcmds Info: \pdf@ifprimitive is available.
Package pdftexcmds Info: \pdfdraftmode found.
)
Package grfext Info: Graphics extension search list:
(grfext)             [.png,.pdf,.jpg,.mps,.jpeg,.jbig2,.jb2,.PNG,.PDF,.JPG,.JPE
G,.JBIG2,.JB2,.eps]
(grfext)             \AppendGraphicsExtensions on input line 452.
))
("C:\Program Files (x86)\MiKTeX 2.9\tex\latex\caption\caption.sty"
Package: caption 2015/09/17 v3.3-111 Customizing captions (AR)

("C:\Program Files (x86)\MiKTeX 2.9\tex\latex\caption\caption3.sty"
Package: caption3 2015/09/20 v1.7-115 caption3 kernel (AR)
Package caption3 Info: TeX engine: e-TeX on input line 57.
\captionmargin=\dimen117
\captionmargin@=\dimen118
\captionwidth=\dimen119
\caption@tempdima=\dimen120
\caption@indent=\dimen121
\caption@parindent=\dimen122
\caption@hangindent=\dimen123
)
\c@ContinuedFloat=\count99
Package caption Info: listings package is loaded.
)
("C:\Program Files (x86)\MiKTeX 2.9\tex\latex\svg\svg.sty"
Package: svg 2012/09/05 v1.0 SVG inclusion and extraction

("C:\Program Files (x86)\MiKTeX 2.9\tex\latex\xkeyval\xkeyval.sty"
Package: xkeyval 2014/12/03 v2.7a package option processing (HA)

("C:\Program Files (x86)\MiKTeX 2.9\tex\generic\xkeyval\xkeyval.tex"
("C:\Program Files (x86)\MiKTeX 2.9\tex\generic\xkeyval\xkvutils.tex"
\XKV@toks=\toks17
\XKV@tempa@toks=\toks18
)
\XKV@depth=\count100
File: xkeyval.tex 2014/12/03 v2.7a key=value parser (HA)
))
("C:\Program Files (x86)\MiKTeX 2.9\tex\latex\subfig\subfig.sty"
Package: subfig 2005/06/28 ver: 1.3 subfig package
\c@KVtest=\count101
\sf@farskip=\skip43
\sf@captopadj=\dimen124
\sf@capskip=\skip44
\sf@nearskip=\skip45
\c@subfigure=\count102
\c@subfigure@save=\count103
\c@lofdepth=\count104
\c@subtable=\count105
\c@subtable@save=\count106
\c@lotdepth=\count107
\sf@top=\skip46
\sf@bottom=\skip47
)
("C:\Program Files (x86)\MiKTeX 2.9\tex\latex\import\import.sty"
Package: import 2009/03/23  v 5.1
)
("C:\Program Files (x86)\MiKTeX 2.9\tex\latex\oberdiek\transparent.sty"
Package: transparent 2007/01/08 v1.0 Transparency via pdfTeX's color stack (HO)


("C:\Program Files (x86)\MiKTeX 2.9\tex\latex\oberdiek\auxhook.sty"
Package: auxhook 2011/03/04 v1.3 Hooks for auxiliary files (HO)
))
("C:\Program Files (x86)\MiKTeX 2.9\tex\latex\xcolor\xcolor.sty"
Package: xcolor 2007/01/21 v2.11 LaTeX color extensions (UK)

("C:\Program Files (x86)\MiKTeX 2.9\tex\latex\00miktex\color.cfg"
File: color.cfg 2007/01/18 v1.5 color configuration of teTeX/TeXLive
)
Package xcolor Info: Driver file: pdftex.def on input line 225.
Package xcolor Info: Model `cmy' substituted by `cmy0' on input line 1337.
Package xcolor Info: Model `hsb' substituted by `rgb' on input line 1341.
Package xcolor Info: Model `RGB' extended on input line 1353.
Package xcolor Info: Model `HTML' substituted by `rgb' on input line 1355.
Package xcolor Info: Model `Hsb' substituted by `hsb' on input line 1356.
Package xcolor Info: Model `tHsb' substituted by `hsb' on input line 1357.
Package xcolor Info: Model `HSB' substituted by `hsb' on input line 1358.
Package xcolor Info: Model `Gray' substituted by `gray' on input line 1359.
Package xcolor Info: Model `wave' substituted by `hsb' on input line 1360.
)
\SVG@out@width=\skip48
\SVG@out@height=\skip49
\c@svgfigure=\count108
)
("C:\Program Files (x86)\MiKTeX 2.9\tex\latex\amsmath\amsmath.sty"
Package: amsmath 2013/01/14 v2.14 AMS math features
\@mathmargin=\skip50

For additional information on amsmath, use the `?' option.
("C:\Program Files (x86)\MiKTeX 2.9\tex\latex\amsmath\amstext.sty"
Package: amstext 2000/06/29 v2.01

("C:\Program Files (x86)\MiKTeX 2.9\tex\latex\amsmath\amsgen.sty"
File: amsgen.sty 1999/11/30 v2.0
\@emptytoks=\toks19
\ex@=\dimen125
))
("C:\Program Files (x86)\MiKTeX 2.9\tex\latex\amsmath\amsbsy.sty"
Package: amsbsy 1999/11/29 v1.2d
\pmbraise@=\dimen126
)
("C:\Program Files (x86)\MiKTeX 2.9\tex\latex\amsmath\amsopn.sty"
Package: amsopn 1999/12/14 v2.01 operator names
)
\inf@bad=\count109
LaTeX Info: Redefining \frac on input line 210.
\uproot@=\count110
\leftroot@=\count111
LaTeX Info: Redefining \overline on input line 306.
\classnum@=\count112
\DOTSCASE@=\count113
LaTeX Info: Redefining \ldots on input line 378.
LaTeX Info: Redefining \dots on input line 381.
LaTeX Info: Redefining \cdots on input line 466.
\Mathstrutbox@=\box28
\strutbox@=\box29
\big@size=\dimen127
LaTeX Font Info:    Redeclaring font encoding OML on input line 566.
LaTeX Font Info:    Redeclaring font encoding OMS on input line 567.
\macc@depth=\count114
\c@MaxMatrixCols=\count115
\dotsspace@=\muskip10
\c@parentequation=\count116
\dspbrk@lvl=\count117
\tag@help=\toks20
\row@=\count118
\column@=\count119
\maxfields@=\count120
\andhelp@=\toks21
\eqnshift@=\dimen128
\alignsep@=\dimen129
\tagshift@=\dimen130
\tagwidth@=\dimen131
\totwidth@=\dimen132
\lineht@=\dimen133
\@envbody=\toks22
\multlinegap=\skip51
\multlinetaggap=\skip52
\mathdisplay@stack=\toks23
LaTeX Info: Redefining \[ on input line 2665.
LaTeX Info: Redefining \] on input line 2666.
)
("C:\Program Files (x86)\MiKTeX 2.9\tex\latex\graphics\lscape.sty"
Package: lscape 2000/10/22 v3.01 Landscape Pages (DPC)
)
("C:\Program Files (x86)\MiKTeX 2.9\tex\latex\multirow\multirow.sty"
\bigstrutjot=\dimen134
)
\IBoxA=\box30
\IBoxB=\box31
\IBoxC=\box32
\IHeight=\skip53

(milestone2.aux

LaTeX Warning: Label `' multiply defined.


LaTeX Warning: Label `' multiply defined.


LaTeX Warning: Label `' multiply defined.


LaTeX Warning: Label `' multiply defined.


LaTeX Warning: Label `' multiply defined.


LaTeX Warning: Label `' multiply defined.


LaTeX Warning: Label `' multiply defined.


LaTeX Warning: Label `' multiply defined.


LaTeX Warning: Label `' multiply defined.


LaTeX Warning: Label `' multiply defined.


LaTeX Warning: Label `' multiply defined.


LaTeX Warning: Label `' multiply defined.


LaTeX Warning: Label `' multiply defined.

)
LaTeX Font Info:    Checking defaults for OML/cmm/m/it on input line 59.
LaTeX Font Info:    ... okay on input line 59.
LaTeX Font Info:    Checking defaults for T1/cmr/m/n on input line 59.
LaTeX Font Info:    ... okay on input line 59.
LaTeX Font Info:    Checking defaults for OT1/cmr/m/n on input line 59.
LaTeX Font Info:    ... okay on input line 59.
LaTeX Font Info:    Checking defaults for OMS/cmsy/m/n on input line 59.
LaTeX Font Info:    ... okay on input line 59.
LaTeX Font Info:    Checking defaults for OMX/cmex/m/n on input line 59.
LaTeX Font Info:    ... okay on input line 59.
LaTeX Font Info:    Checking defaults for U/cmr/m/n on input line 59.
LaTeX Font Info:    ... okay on input line 59.

*geometry* driver: auto-detecting
*geometry* detected driver: pdftex
*geometry* verbose mode - [ preamble ] result:
* driver: pdftex
* paper: a4paper
* layout: <same size as paper>
* layoutoffset:(h,v)=(0.0pt,0.0pt)
* modes: 
* h-part:(L,W,R)=(72.26999pt, 452.9679pt, 72.26999pt)
* v-part:(T,H,B)=(72.26999pt, 700.50687pt, 72.26999pt)
* \paperwidth=597.50787pt
* \paperheight=845.04684pt
* \textwidth=452.9679pt
* \textheight=700.50687pt
* \oddsidemargin=0.0pt
* \evensidemargin=0.0pt
* \topmargin=-37.0pt
* \headheight=12.0pt
* \headsep=25.0pt
* \topskip=11.0pt
* \footskip=30.0pt
* \marginparwidth=59.0pt
* \marginparsep=10.0pt
* \columnsep=10.0pt
* \skip\footins=10.0pt plus 4.0pt minus 2.0pt
* \hoffset=0.0pt
* \voffset=0.0pt
* \mag=1000
* \@twocolumnfalse
* \@twosidefalse
* \@mparswitchfalse
* \@reversemarginfalse
* (1in=72.27pt=25.4mm, 1cm=28.453pt)

("C:\Program Files (x86)\MiKTeX 2.9\tex\context\base\supp-pdf.mkii"
[Loading MPS to PDF converter (version 2006.09.02).]
\scratchcounter=\count121
\scratchdimen=\dimen135
\scratchbox=\box33
\nofMPsegments=\count122
\nofMParguments=\count123
\everyMPshowfont=\toks24
\MPscratchCnt=\count124
\MPscratchDim=\dimen136
\MPnumerator=\count125
\makeMPintoPDFobject=\count126
\everyMPtoPDFconversion=\toks25
)
\c@lstlisting=\count127
Package caption Info: Begin \AtBeginDocument code.
Package caption Info: subfig package v1.3 is loaded.
Package caption Info: End \AtBeginDocument code.
 [1

{C:/Users/Sandro/AppData/Local/MiKTeX/2.9/pdftex/config/pdftex.map}]
LaTeX Font Info:    Try loading font information for OMS+cmr on input line 99.

("C:\Program Files (x86)\MiKTeX 2.9\tex\latex\base\omscmr.fd"
File: omscmr.fd 2014/09/29 v2.5h Standard LaTeX font definitions
)
LaTeX Font Info:    Font shape `OMS/cmr/m/n' in size <10.95> not available
(Font)              Font shape `OMS/cmsy/m/n' tried instead on input line 99.
 [2]
Underfull \hbox (badness 10000) in paragraph at lines 136--140

 []

Package epstopdf Info: Source file: <figures/stability_2/tp.eps>
(epstopdf)                    date: 2015-12-06 14:24:30
(epstopdf)                    size: 76711 bytes
(epstopdf)             Output file: <figures/stability_2/tp-eps-converted-to.pd
f>
(epstopdf)                    date: 2015-12-06 14:24:30
(epstopdf)                    size: 8576 bytes
(epstopdf)             Command: <epstopdf --outfile=figures/stability_2/tp-eps-
converted-to.pdf figures/stability_2/tp.eps>
(epstopdf)             \includegraphics on input line 144.
Package epstopdf Info: Output file is already uptodate.
<figures/stability_2/tp-eps-converted-to.pdf, id=15, 421.575pt x 316.18124pt>
File: figures/stability_2/tp-eps-converted-to.pdf Graphic file (type pdf)

<use figures/stability_2/tp-eps-converted-to.pdf>
Package pdftex.def Info: figures/stability_2/tp-eps-converted-to.pdf used on in
put line 144.
(pdftex.def)             Requested size: 226.48395pt x 169.86691pt.
Package epstopdf Info: Source file: <figures/stability_2/rt.eps>
(epstopdf)                    date: 2015-12-06 14:24:30
(epstopdf)                    size: 79235 bytes
(epstopdf)             Output file: <figures/stability_2/rt-eps-converted-to.pd
f>
(epstopdf)                    date: 2015-12-06 14:24:30
(epstopdf)                    size: 9588 bytes
(epstopdf)             Command: <epstopdf --outfile=figures/stability_2/rt-eps-
converted-to.pdf figures/stability_2/rt.eps>
(epstopdf)             \includegraphics on input line 144.
Package epstopdf Info: Output file is already uptodate.

<figures/stability_2/rt-eps-converted-to.pdf, id=16, 421.575pt x 316.18124pt>
File: figures/stability_2/rt-eps-converted-to.pdf Graphic file (type pdf)

<use figures/stability_2/rt-eps-converted-to.pdf>
Package pdftex.def Info: figures/stability_2/rt-eps-converted-to.pdf used on in
put line 144.
(pdftex.def)             Requested size: 226.48395pt x 169.86691pt.
Package epstopdf Info: Source file: <figures/stability_2/tp.eps>
(epstopdf)                    date: 2015-12-06 14:24:30
(epstopdf)                    size: 76711 bytes
(epstopdf)             Output file: <figures/stability_2/tp-eps-converted-to.pd
f>
(epstopdf)                    date: 2015-12-06 14:24:30
(epstopdf)                    size: 8576 bytes
(epstopdf)             Command: <epstopdf --outfile=figures/stability_2/tp-eps-
converted-to.pdf figures/stability_2/tp.eps>
(epstopdf)             \includegraphics on input line 144.
Package epstopdf Info: Output file is already uptodate.
File: figures/stability_2/tp-eps-converted-to.pdf Graphic file (type pdf)

<use figures/stability_2/tp-eps-converted-to.pdf>
Package pdftex.def Info: figures/stability_2/tp-eps-converted-to.pdf used on in
put line 144.
(pdftex.def)             Requested size: 226.48921pt x 169.86691pt.
Package epstopdf Info: Source file: <figures/stability_2/rt.eps>
(epstopdf)                    date: 2015-12-06 14:24:30
(epstopdf)                    size: 79235 bytes
(epstopdf)             Output file: <figures/stability_2/rt-eps-converted-to.pd
f>
(epstopdf)                    date: 2015-12-06 14:24:30
(epstopdf)                    size: 9588 bytes
(epstopdf)             Command: <epstopdf --outfile=figures/stability_2/rt-eps-
converted-to.pdf figures/stability_2/rt.eps>
(epstopdf)             \includegraphics on input line 144.
Package epstopdf Info: Output file is already uptodate.
File: figures/stability_2/rt-eps-converted-to.pdf Graphic file (type pdf)

<use figures/stability_2/rt-eps-converted-to.pdf>
Package pdftex.def Info: figures/stability_2/rt-eps-converted-to.pdf used on in
put line 144.
(pdftex.def)             Requested size: 226.48921pt x 169.86691pt.
Package epstopdf Info: Source file: <figures/stability_2/queue_length.eps>
(epstopdf)                    date: 2015-12-06 14:24:30
(epstopdf)                    size: 76853 bytes
(epstopdf)             Output file: <figures/stability_2/queue_length-eps-conve
rted-to.pdf>
(epstopdf)                    date: 2015-12-06 14:24:30
(epstopdf)                    size: 9214 bytes
(epstopdf)             Command: <epstopdf --outfile=figures/stability_2/queue_l
ength-eps-converted-to.pdf figures/stability_2/queue_length.eps>
(epstopdf)             \includegraphics on input line 150.
Package epstopdf Info: Output file is already uptodate.

<figures/stability_2/queue_length-eps-converted-to.pdf, id=17, 421.575pt x 316.
18124pt>
File: figures/stability_2/queue_length-eps-converted-to.pdf Graphic file (type 
pdf)
 <use figures/stability_2/queue_length-eps-converted-to.pdf>
Package pdftex.def Info: figures/stability_2/queue_length-eps-converted-to.pdf 
used on input line 150.
(pdftex.def)             Requested size: 226.48395pt x 169.86691pt.
 [3]
[4 <./figures/stability_2/tp-eps-converted-to.pdf> <./figures/stability_2/rt-ep
s-converted-to.pdf>] [5 <./figures/stability_2/queue_length-eps-converted-to.pd
f>] [6]
Package epstopdf Info: Source file: <figures/interactive_law/db_baseline.eps>
(epstopdf)                    date: 2015-12-06 14:24:28
(epstopdf)                    size: 267601 bytes
(epstopdf)             Output file: <figures/interactive_law/db_baseline-eps-co
nverted-to.pdf>
(epstopdf)                    date: 2015-12-06 14:24:28
(epstopdf)                    size: 30429 bytes
(epstopdf)             Command: <epstopdf --outfile=figures/interactive_law/db_
baseline-eps-converted-to.pdf figures/interactive_law/db_baseline.eps>
(epstopdf)             \includegraphics on input line 249.
Package epstopdf Info: Output file is already uptodate.

<figures/interactive_law/db_baseline-eps-converted-to.pdf, id=49, 421.575pt x 3
16.18124pt>
File: figures/interactive_law/db_baseline-eps-converted-to.pdf Graphic file (ty
pe pdf)
 <use figures/interactive_law/db_baseline-eps-converted-to.pdf>
Package pdftex.def Info: figures/interactive_law/db_baseline-eps-converted-to.p
df used on input line 249.
(pdftex.def)             Requested size: 226.48395pt x 169.86691pt.
Package epstopdf Info: Source file: <figures/interactive_law/db_data_baseline.e
ps>
(epstopdf)                    date: 2015-12-06 14:24:28
(epstopdf)                    size: 279087 bytes
(epstopdf)             Output file: <figures/interactive_law/db_data_baseline-e
ps-converted-to.pdf>
(epstopdf)                    date: 2015-12-06 14:24:28
(epstopdf)                    size: 18141 bytes
(epstopdf)             Command: <epstopdf --outfile=figures/interactive_law/db_
data_baseline-eps-converted-to.pdf figures/interactive_law/db_data_baseline.eps
>
(epstopdf)             \includegraphics on input line 249.
Package epstopdf Info: Output file is already uptodate.

<figures/interactive_law/db_data_baseline-eps-converted-to.pdf, id=50, 421.575p
t x 316.18124pt>
File: figures/interactive_law/db_data_baseline-eps-converted-to.pdf Graphic fil
e (type pdf)

<use figures/interactive_law/db_data_baseline-eps-converted-to.pdf>
Package pdftex.def Info: figures/interactive_law/db_data_baseline-eps-converted
-to.pdf used on input line 249.
(pdftex.def)             Requested size: 226.48395pt x 169.86691pt.
Package epstopdf Info: Source file: <figures/interactive_law/db_baseline.eps>
(epstopdf)                    date: 2015-12-06 14:24:28
(epstopdf)                    size: 267601 bytes
(epstopdf)             Output file: <figures/interactive_law/db_baseline-eps-co
nverted-to.pdf>
(epstopdf)                    date: 2015-12-06 14:24:28
(epstopdf)                    size: 30429 bytes
(epstopdf)             Command: <epstopdf --outfile=figures/interactive_law/db_
baseline-eps-converted-to.pdf figures/interactive_law/db_baseline.eps>
(epstopdf)             \includegraphics on input line 249.
Package epstopdf Info: Output file is already uptodate.
File: figures/interactive_law/db_baseline-eps-converted-to.pdf Graphic file (ty
pe pdf)

<use figures/interactive_law/db_baseline-eps-converted-to.pdf>
Package pdftex.def Info: figures/interactive_law/db_baseline-eps-converted-to.p
df used on input line 249.
(pdftex.def)             Requested size: 226.48921pt x 169.86691pt.
Package epstopdf Info: Source file: <figures/interactive_law/db_data_baseline.e
ps>
(epstopdf)                    date: 2015-12-06 14:24:28
(epstopdf)                    size: 279087 bytes
(epstopdf)             Output file: <figures/interactive_law/db_data_baseline-e
ps-converted-to.pdf>
(epstopdf)                    date: 2015-12-06 14:24:28
(epstopdf)                    size: 18141 bytes
(epstopdf)             Command: <epstopdf --outfile=figures/interactive_law/db_
data_baseline-eps-converted-to.pdf figures/interactive_law/db_data_baseline.eps
>
(epstopdf)             \includegraphics on input line 249.
Package epstopdf Info: Output file is already uptodate.
File: figures/interactive_law/db_data_baseline-eps-converted-to.pdf Graphic fil
e (type pdf)

<use figures/interactive_law/db_data_baseline-eps-converted-to.pdf>
Package pdftex.def Info: figures/interactive_law/db_data_baseline-eps-converted
-to.pdf used on input line 249.
(pdftex.def)             Requested size: 226.48921pt x 169.86691pt.
Package epstopdf Info: Source file: <figures/interactive_law/db_data_baseline_t
hird_index.eps>
(epstopdf)                    date: 2015-12-06 14:24:28
(epstopdf)                    size: 457035 bytes
(epstopdf)             Output file: <figures/interactive_law/db_data_baseline_t
hird_index-eps-converted-to.pdf>
(epstopdf)                    date: 2015-12-06 14:24:28
(epstopdf)                    size: 25943 bytes
(epstopdf)             Command: <epstopdf --outfile=figures/interactive_law/db_
data_baseline_third_index-eps-converted-to.pdf figures/interactive_law/db_data_
baseline_third_index.eps>
(epstopdf)             \includegraphics on input line 252.
Package epstopdf Info: Output file is already uptodate.

<figures/interactive_law/db_data_baseline_third_index-eps-converted-to.pdf, id=
51, 421.575pt x 316.18124pt>
File: figures/interactive_law/db_data_baseline_third_index-eps-converted-to.pdf
 Graphic file (type pdf)

<use figures/interactive_law/db_data_baseline_third_index-eps-converted-to.pdf>
Package pdftex.def Info: figures/interactive_law/db_data_baseline_third_index-e
ps-converted-to.pdf used on input line 252.
(pdftex.def)             Requested size: 226.48395pt x 169.86691pt.
Package epstopdf Info: Source file: <figures/interactive_law/mw_baseline.eps>
(epstopdf)                    date: 2015-12-06 14:24:28
(epstopdf)                    size: 723923 bytes
(epstopdf)             Output file: <figures/interactive_law/mw_baseline-eps-co
nverted-to.pdf>
(epstopdf)                    date: 2015-12-06 14:24:28
(epstopdf)                    size: 52684 bytes
(epstopdf)             Command: <epstopdf --outfile=figures/interactive_law/mw_
baseline-eps-converted-to.pdf figures/interactive_law/mw_baseline.eps>
(epstopdf)             \includegraphics on input line 252.
Package epstopdf Info: Output file is already uptodate.

<figures/interactive_law/mw_baseline-eps-converted-to.pdf, id=52, 421.575pt x 3
16.18124pt>
File: figures/interactive_law/mw_baseline-eps-converted-to.pdf Graphic file (ty
pe pdf)
 <use figures/interactive_law/mw_baseline-eps-converted-to.pdf>
Package pdftex.def Info: figures/interactive_law/mw_baseline-eps-converted-to.p
df used on input line 252.
(pdftex.def)             Requested size: 226.48395pt x 169.86691pt.
Package epstopdf Info: Source file: <figures/interactive_law/db_data_baseline_t
hird_index.eps>
(epstopdf)                    date: 2015-12-06 14:24:28
(epstopdf)                    size: 457035 bytes
(epstopdf)             Output file: <figures/interactive_law/db_data_baseline_t
hird_index-eps-converted-to.pdf>
(epstopdf)                    date: 2015-12-06 14:24:28
(epstopdf)                    size: 25943 bytes
(epstopdf)             Command: <epstopdf --outfile=figures/interactive_law/db_
data_baseline_third_index-eps-converted-to.pdf figures/interactive_law/db_data_
baseline_third_index.eps>
(epstopdf)             \includegraphics on input line 252.
Package epstopdf Info: Output file is already uptodate.
File: figures/interactive_law/db_data_baseline_third_index-eps-converted-to.pdf
 Graphic file (type pdf)

<use figures/interactive_law/db_data_baseline_third_index-eps-converted-to.pdf>
Package pdftex.def Info: figures/interactive_law/db_data_baseline_third_index-e
ps-converted-to.pdf used on input line 252.
(pdftex.def)             Requested size: 226.48921pt x 169.86691pt.
Package epstopdf Info: Source file: <figures/interactive_law/mw_baseline.eps>
(epstopdf)                    date: 2015-12-06 14:24:28
(epstopdf)                    size: 723923 bytes
(epstopdf)             Output file: <figures/interactive_law/mw_baseline-eps-co
nverted-to.pdf>
(epstopdf)                    date: 2015-12-06 14:24:28
(epstopdf)                    size: 52684 bytes
(epstopdf)             Command: <epstopdf --outfile=figures/interactive_law/mw_
baseline-eps-converted-to.pdf figures/interactive_law/mw_baseline.eps>
(epstopdf)             \includegraphics on input line 252.
Package epstopdf Info: Output file is already uptodate.
File: figures/interactive_law/mw_baseline-eps-converted-to.pdf Graphic file (ty
pe pdf)
<use figures/interactive_law/mw_baseline-eps-converted-to.pdf>
Package pdftex.def Info: figures/interactive_law/mw_baseline-eps-converted-to.p
df used on input line 252.
(pdftex.def)             Requested size: 226.48921pt x 169.86691pt.
Package epstopdf Info: Source file: <figures/interactive_law/client_baseline.ep
s>
(epstopdf)                    date: 2015-12-06 14:24:28
(epstopdf)                    size: 86128 bytes
(epstopdf)             Output file: <figures/interactive_law/client_baseline-ep
s-converted-to.pdf>
(epstopdf)                    date: 2015-12-06 14:24:28
(epstopdf)                    size: 9610 bytes
(epstopdf)             Command: <epstopdf --outfile=figures/interactive_law/cli
ent_baseline-eps-converted-to.pdf figures/interactive_law/client_baseline.eps>
(epstopdf)             \includegraphics on input line 255.
Package epstopdf Info: Output file is already uptodate.

<figures/interactive_law/client_baseline-eps-converted-to.pdf, id=53, 421.575pt
 x 316.18124pt>
File: figures/interactive_law/client_baseline-eps-converted-to.pdf Graphic file
 (type pdf)

<use figures/interactive_law/client_baseline-eps-converted-to.pdf>
Package pdftex.def Info: figures/interactive_law/client_baseline-eps-converted-
to.pdf used on input line 255.
(pdftex.def)             Requested size: 226.48395pt x 169.86691pt.
Package epstopdf Info: Source file: <figures/interactive_law/stability.eps>
(epstopdf)                    date: 2015-12-06 14:24:28
(epstopdf)                    size: 67853 bytes
(epstopdf)             Output file: <figures/interactive_law/stability-eps-conv
erted-to.pdf>
(epstopdf)                    date: 2015-12-06 14:24:28
(epstopdf)                    size: 9559 bytes
(epstopdf)             Command: <epstopdf --outfile=figures/interactive_law/sta
bility-eps-converted-to.pdf figures/interactive_law/stability.eps>
(epstopdf)             \includegraphics on input line 255.
Package epstopdf Info: Output file is already uptodate.

<figures/interactive_law/stability-eps-converted-to.pdf, id=54, 421.575pt x 316
.18124pt>
File: figures/interactive_law/stability-eps-converted-to.pdf Graphic file (type
 pdf)
 <use figures/interactive_law/stability-eps-converted-to.pdf>
Package pdftex.def Info: figures/interactive_law/stability-eps-converted-to.pdf
 used on input line 255.
(pdftex.def)             Requested size: 226.48395pt x 169.86691pt.
Package epstopdf Info: Source file: <figures/interactive_law/client_baseline.ep
s>
(epstopdf)                    date: 2015-12-06 14:24:28
(epstopdf)                    size: 86128 bytes
(epstopdf)             Output file: <figures/interactive_law/client_baseline-ep
s-converted-to.pdf>
(epstopdf)                    date: 2015-12-06 14:24:28
(epstopdf)                    size: 9610 bytes
(epstopdf)             Command: <epstopdf --outfile=figures/interactive_law/cli
ent_baseline-eps-converted-to.pdf figures/interactive_law/client_baseline.eps>
(epstopdf)             \includegraphics on input line 255.
Package epstopdf Info: Output file is already uptodate.
File: figures/interactive_law/client_baseline-eps-converted-to.pdf Graphic file
 (type pdf)

<use figures/interactive_law/client_baseline-eps-converted-to.pdf>
Package pdftex.def Info: figures/interactive_law/client_baseline-eps-converted-
to.pdf used on input line 255.
(pdftex.def)             Requested size: 226.48921pt x 169.86691pt.
Package epstopdf Info: Source file: <figures/interactive_law/stability.eps>
(epstopdf)                    date: 2015-12-06 14:24:28
(epstopdf)                    size: 67853 bytes
(epstopdf)             Output file: <figures/interactive_law/stability-eps-conv
erted-to.pdf>
(epstopdf)                    date: 2015-12-06 14:24:28
(epstopdf)                    size: 9559 bytes
(epstopdf)             Command: <epstopdf --outfile=figures/interactive_law/sta
bility-eps-converted-to.pdf figures/interactive_law/stability.eps>
(epstopdf)             \includegraphics on input line 255.
Package epstopdf Info: Output file is already uptodate.
File: figures/interactive_law/stability-eps-converted-to.pdf Graphic file (type
 pdf)

<use figures/interactive_law/stability-eps-converted-to.pdf>
Package pdftex.def Info: figures/interactive_law/stability-eps-converted-to.pdf
 used on input line 255.
(pdftex.def)             Requested size: 226.48921pt x 169.86691pt.
Package epstopdf Info: Source file: <figures/interactive_law/rt_1cm.eps>
(epstopdf)                    date: 2015-12-06 14:24:28
(epstopdf)                    size: 33021 bytes
(epstopdf)             Output file: <figures/interactive_law/rt_1cm-eps-convert
ed-to.pdf>
(epstopdf)                    date: 2015-12-06 14:24:28
(epstopdf)                    size: 5501 bytes
(epstopdf)             Command: <epstopdf --outfile=figures/interactive_law/rt_
1cm-eps-converted-to.pdf figures/interactive_law/rt_1cm.eps>
(epstopdf)             \includegraphics on input line 258.
Package epstopdf Info: Output file is already uptodate.

<figures/interactive_law/rt_1cm-eps-converted-to.pdf, id=55, 421.575pt x 316.18
124pt>
File: figures/interactive_law/rt_1cm-eps-converted-to.pdf Graphic file (type pd
f)
 <use figures/interactive_law/rt_1cm-eps-converted-to.pdf>
Package pdftex.def Info: figures/interactive_law/rt_1cm-eps-converted-to.pdf us
ed on input line 258.
(pdftex.def)             Requested size: 226.48395pt x 169.86691pt.
Package epstopdf Info: Source file: <figures/interactive_law/rt_2cm.eps>
(epstopdf)                    date: 2015-12-06 14:24:28
(epstopdf)                    size: 34306 bytes
(epstopdf)             Output file: <figures/interactive_law/rt_2cm-eps-convert
ed-to.pdf>
(epstopdf)                    date: 2015-12-06 14:24:28
(epstopdf)                    size: 5620 bytes
(epstopdf)             Command: <epstopdf --outfile=figures/interactive_law/rt_
2cm-eps-converted-to.pdf figures/interactive_law/rt_2cm.eps>
(epstopdf)             \includegraphics on input line 258.
Package epstopdf Info: Output file is already uptodate.

<figures/interactive_law/rt_2cm-eps-converted-to.pdf, id=56, 422.57875pt x 316.
18124pt>
File: figures/interactive_law/rt_2cm-eps-converted-to.pdf Graphic file (type pd
f)
 <use figures/interactive_law/rt_2cm-eps-converted-to.pdf>
Package pdftex.def Info: figures/interactive_law/rt_2cm-eps-converted-to.pdf us
ed on input line 258.
(pdftex.def)             Requested size: 226.48395pt x 169.46164pt.
Package epstopdf Info: Source file: <figures/interactive_law/rt_1cm.eps>
(epstopdf)                    date: 2015-12-06 14:24:28
(epstopdf)                    size: 33021 bytes
(epstopdf)             Output file: <figures/interactive_law/rt_1cm-eps-convert
ed-to.pdf>
(epstopdf)                    date: 2015-12-06 14:24:28
(epstopdf)                    size: 5501 bytes
(epstopdf)             Command: <epstopdf --outfile=figures/interactive_law/rt_
1cm-eps-converted-to.pdf figures/interactive_law/rt_1cm.eps>
(epstopdf)             \includegraphics on input line 258.
Package epstopdf Info: Output file is already uptodate.
File: figures/interactive_law/rt_1cm-eps-converted-to.pdf Graphic file (type pd
f)

<use figures/interactive_law/rt_1cm-eps-converted-to.pdf>
Package pdftex.def Info: figures/interactive_law/rt_1cm-eps-converted-to.pdf us
ed on input line 258.
(pdftex.def)             Requested size: 225.94887pt x 169.46164pt.
Package epstopdf Info: Source file: <figures/interactive_law/rt_2cm.eps>
(epstopdf)                    date: 2015-12-06 14:24:28
(epstopdf)                    size: 34306 bytes
(epstopdf)             Output file: <figures/interactive_law/rt_2cm-eps-convert
ed-to.pdf>
(epstopdf)                    date: 2015-12-06 14:24:28
(epstopdf)                    size: 5620 bytes
(epstopdf)             Command: <epstopdf --outfile=figures/interactive_law/rt_
2cm-eps-converted-to.pdf figures/interactive_law/rt_2cm.eps>
(epstopdf)             \includegraphics on input line 258.
Package epstopdf Info: Output file is already uptodate.
File: figures/interactive_law/rt_2cm-eps-converted-to.pdf Graphic file (type pd
f)

<use figures/interactive_law/rt_2cm-eps-converted-to.pdf>
Package pdftex.def Info: figures/interactive_law/rt_2cm-eps-converted-to.pdf us
ed on input line 258.
(pdftex.def)             Requested size: 226.48685pt x 169.46164pt.
Package epstopdf Info: Source file: <figures/max_tp_2/tp.eps>
(epstopdf)                    date: 2015-12-06 14:24:30
(epstopdf)                    size: 123296 bytes
(epstopdf)             Output file: <figures/max_tp_2/tp-eps-converted-to.pdf>
(epstopdf)                    date: 2015-12-06 14:24:30
(epstopdf)                    size: 9127 bytes
(epstopdf)             Command: <epstopdf --outfile=figures/max_tp_2/tp-eps-con
verted-to.pdf figures/max_tp_2/tp.eps>
(epstopdf)             \includegraphics on input line 267.
Package epstopdf Info: Output file is already uptodate.

<figures/max_tp_2/tp-eps-converted-to.pdf, id=57, 421.575pt x 316.18124pt>
File: figures/max_tp_2/tp-eps-converted-to.pdf Graphic file (type pdf)

<use figures/max_tp_2/tp-eps-converted-to.pdf>
Package pdftex.def Info: figures/max_tp_2/tp-eps-converted-to.pdf used on input
 line 267.
(pdftex.def)             Requested size: 226.48395pt x 169.86691pt.
Package epstopdf Info: Source file: <figures/max_tp_2/rt.eps>
(epstopdf)                    date: 2015-12-06 14:24:28
(epstopdf)                    size: 63118 bytes
(epstopdf)             Output file: <figures/max_tp_2/rt-eps-converted-to.pdf>
(epstopdf)                    date: 2015-12-06 14:24:30
(epstopdf)                    size: 8280 bytes
(epstopdf)             Command: <epstopdf --outfile=figures/max_tp_2/rt-eps-con
verted-to.pdf figures/max_tp_2/rt.eps>
(epstopdf)             \includegraphics on input line 267.
Package epstopdf Info: Output file is already uptodate.

<figures/max_tp_2/rt-eps-converted-to.pdf, id=58, 422.57875pt x 316.18124pt>
File: figures/max_tp_2/rt-eps-converted-to.pdf Graphic file (type pdf)

<use figures/max_tp_2/rt-eps-converted-to.pdf>
Package pdftex.def Info: figures/max_tp_2/rt-eps-converted-to.pdf used on input
 line 267.
(pdftex.def)             Requested size: 226.48395pt x 169.46164pt.
Package epstopdf Info: Source file: <figures/max_tp_2/tp.eps>
(epstopdf)                    date: 2015-12-06 14:24:30
(epstopdf)                    size: 123296 bytes
(epstopdf)             Output file: <figures/max_tp_2/tp-eps-converted-to.pdf>
(epstopdf)                    date: 2015-12-06 14:24:30
(epstopdf)                    size: 9127 bytes
(epstopdf)             Command: <epstopdf --outfile=figures/max_tp_2/tp-eps-con
verted-to.pdf figures/max_tp_2/tp.eps>
(epstopdf)             \includegraphics on input line 267.
Package epstopdf Info: Output file is already uptodate.
File: figures/max_tp_2/tp-eps-converted-to.pdf Graphic file (type pdf)

<use figures/max_tp_2/tp-eps-converted-to.pdf>
Package pdftex.def Info: figures/max_tp_2/tp-eps-converted-to.pdf used on input
 line 267.
(pdftex.def)             Requested size: 225.94887pt x 169.46164pt.
Package epstopdf Info: Source file: <figures/max_tp_2/rt.eps>
(epstopdf)                    date: 2015-12-06 14:24:28
(epstopdf)                    size: 63118 bytes
(epstopdf)             Output file: <figures/max_tp_2/rt-eps-converted-to.pdf>
(epstopdf)                    date: 2015-12-06 14:24:30
(epstopdf)                    size: 8280 bytes
(epstopdf)             Command: <epstopdf --outfile=figures/max_tp_2/rt-eps-con
verted-to.pdf figures/max_tp_2/rt.eps>
(epstopdf)             \includegraphics on input line 267.
Package epstopdf Info: Output file is already uptodate.
File: figures/max_tp_2/rt-eps-converted-to.pdf Graphic file (type pdf)

<use figures/max_tp_2/rt-eps-converted-to.pdf>
Package pdftex.def Info: figures/max_tp_2/rt-eps-converted-to.pdf used on input
 line 267.
(pdftex.def)             Requested size: 226.48685pt x 169.46164pt.
Package epstopdf Info: Source file: <figures/db_1M_2/tp.eps>
(epstopdf)                    date: 2015-12-06 14:24:28
(epstopdf)                    size: 27691 bytes
(epstopdf)             Output file: <figures/db_1M_2/tp-eps-converted-to.pdf>
(epstopdf)                    date: 2015-12-06 14:24:28
(epstopdf)                    size: 4705 bytes
(epstopdf)             Command: <epstopdf --outfile=figures/db_1M_2/tp-eps-conv
erted-to.pdf figures/db_1M_2/tp.eps>
(epstopdf)             \includegraphics on input line 270.
Package epstopdf Info: Output file is already uptodate.

<figures/db_1M_2/tp-eps-converted-to.pdf, id=59, 421.575pt x 316.18124pt>
File: figures/db_1M_2/tp-eps-converted-to.pdf Graphic file (type pdf)

<use figures/db_1M_2/tp-eps-converted-to.pdf>
Package pdftex.def Info: figures/db_1M_2/tp-eps-converted-to.pdf used on input 
line 270.
(pdftex.def)             Requested size: 226.48395pt x 169.86691pt.
Package epstopdf Info: Source file: <figures/db_1M_2/rt.eps>
(epstopdf)                    date: 2015-12-06 14:24:28
(epstopdf)                    size: 25722 bytes
(epstopdf)             Output file: <figures/db_1M_2/rt-eps-converted-to.pdf>
(epstopdf)                    date: 2015-12-06 14:24:28
(epstopdf)                    size: 4702 bytes
(epstopdf)             Command: <epstopdf --outfile=figures/db_1M_2/rt-eps-conv
erted-to.pdf figures/db_1M_2/rt.eps>
(epstopdf)             \includegraphics on input line 270.
Package epstopdf Info: Output file is already uptodate.

<figures/db_1M_2/rt-eps-converted-to.pdf, id=60, 422.57875pt x 316.18124pt>
File: figures/db_1M_2/rt-eps-converted-to.pdf Graphic file (type pdf)

<use figures/db_1M_2/rt-eps-converted-to.pdf>
Package pdftex.def Info: figures/db_1M_2/rt-eps-converted-to.pdf used on input 
line 270.
(pdftex.def)             Requested size: 226.48395pt x 169.46164pt.
Package epstopdf Info: Source file: <figures/db_1M_2/tp.eps>
(epstopdf)                    date: 2015-12-06 14:24:28
(epstopdf)                    size: 27691 bytes
(epstopdf)             Output file: <figures/db_1M_2/tp-eps-converted-to.pdf>
(epstopdf)                    date: 2015-12-06 14:24:28
(epstopdf)                    size: 4705 bytes
(epstopdf)             Command: <epstopdf --outfile=figures/db_1M_2/tp-eps-conv
erted-to.pdf figures/db_1M_2/tp.eps>
(epstopdf)             \includegraphics on input line 270.
Package epstopdf Info: Output file is already uptodate.
File: figures/db_1M_2/tp-eps-converted-to.pdf Graphic file (type pdf)

<use figures/db_1M_2/tp-eps-converted-to.pdf>
Package pdftex.def Info: figures/db_1M_2/tp-eps-converted-to.pdf used on input 
line 270.
(pdftex.def)             Requested size: 225.94887pt x 169.46164pt.
Package epstopdf Info: Source file: <figures/db_1M_2/rt.eps>
(epstopdf)                    date: 2015-12-06 14:24:28
(epstopdf)                    size: 25722 bytes
(epstopdf)             Output file: <figures/db_1M_2/rt-eps-converted-to.pdf>
(epstopdf)                    date: 2015-12-06 14:24:28
(epstopdf)                    size: 4702 bytes
(epstopdf)             Command: <epstopdf --outfile=figures/db_1M_2/rt-eps-conv
erted-to.pdf figures/db_1M_2/rt.eps>
(epstopdf)             \includegraphics on input line 270.
Package epstopdf Info: Output file is already uptodate.
File: figures/db_1M_2/rt-eps-converted-to.pdf Graphic file (type pdf)

<use figures/db_1M_2/rt-eps-converted-to.pdf>
Package pdftex.def Info: figures/db_1M_2/rt-eps-converted-to.pdf used on input 
line 270.
(pdftex.def)             Requested size: 226.48685pt x 169.46164pt.
Package epstopdf Info: Source file: <figures/scalability/tp.eps>
(epstopdf)                    date: 2015-12-08 08:14:47
(epstopdf)                    size: 35212 bytes
(epstopdf)             Output file: <figures/scalability/tp-eps-converted-to.pd
f>
(epstopdf)                    date: 2015-12-08 08:15:40
(epstopdf)                    size: 5656 bytes
(epstopdf)             Command: <epstopdf --outfile=figures/scalability/tp-eps-
converted-to.pdf figures/scalability/tp.eps>
(epstopdf)             \includegraphics on input line 273.
Package epstopdf Info: Output file is already uptodate.

<figures/scalability/tp-eps-converted-to.pdf, id=61, 421.575pt x 316.18124pt>
File: figures/scalability/tp-eps-converted-to.pdf Graphic file (type pdf)

<use figures/scalability/tp-eps-converted-to.pdf>
Package pdftex.def Info: figures/scalability/tp-eps-converted-to.pdf used on in
put line 273.
(pdftex.def)             Requested size: 226.48395pt x 169.86691pt.
Package epstopdf Info: Source file: <figures/scalability/rt.eps>
(epstopdf)                    date: 2015-12-08 08:14:56
(epstopdf)                    size: 36937 bytes
(epstopdf)             Output file: <figures/scalability/rt-eps-converted-to.pd
f>
(epstopdf)                    date: 2015-12-08 08:15:40
(epstopdf)                    size: 5971 bytes
(epstopdf)             Command: <epstopdf --outfile=figures/scalability/rt-eps-
converted-to.pdf figures/scalability/rt.eps>
(epstopdf)             \includegraphics on input line 273.
Package epstopdf Info: Output file is already uptodate.

<figures/scalability/rt-eps-converted-to.pdf, id=62, 421.575pt x 316.18124pt>
File: figures/scalability/rt-eps-converted-to.pdf Graphic file (type pdf)

<use figures/scalability/rt-eps-converted-to.pdf>
Package pdftex.def Info: figures/scalability/rt-eps-converted-to.pdf used on in
put line 273.
(pdftex.def)             Requested size: 226.48395pt x 169.86691pt.
Package epstopdf Info: Source file: <figures/scalability/tp.eps>
(epstopdf)                    date: 2015-12-08 08:14:47
(epstopdf)                    size: 35212 bytes
(epstopdf)             Output file: <figures/scalability/tp-eps-converted-to.pd
f>
(epstopdf)                    date: 2015-12-08 08:15:40
(epstopdf)                    size: 5656 bytes
(epstopdf)             Command: <epstopdf --outfile=figures/scalability/tp-eps-
converted-to.pdf figures/scalability/tp.eps>
(epstopdf)             \includegraphics on input line 273.
Package epstopdf Info: Output file is already uptodate.
File: figures/scalability/tp-eps-converted-to.pdf Graphic file (type pdf)

<use figures/scalability/tp-eps-converted-to.pdf>
Package pdftex.def Info: figures/scalability/tp-eps-converted-to.pdf used on in
put line 273.
(pdftex.def)             Requested size: 226.48921pt x 169.86691pt.
Package epstopdf Info: Source file: <figures/scalability/rt.eps>
(epstopdf)                    date: 2015-12-08 08:14:56
(epstopdf)                    size: 36937 bytes
(epstopdf)             Output file: <figures/scalability/rt-eps-converted-to.pd
f>
(epstopdf)                    date: 2015-12-08 08:15:40
(epstopdf)                    size: 5971 bytes
(epstopdf)             Command: <epstopdf --outfile=figures/scalability/rt-eps-
converted-to.pdf figures/scalability/rt.eps>
(epstopdf)             \includegraphics on input line 273.
Package epstopdf Info: Output file is already uptodate.
File: figures/scalability/rt-eps-converted-to.pdf Graphic file (type pdf)

<use figures/scalability/rt-eps-converted-to.pdf>
Package pdftex.def Info: figures/scalability/rt-eps-converted-to.pdf used on in
put line 273.
(pdftex.def)             Requested size: 226.48921pt x 169.86691pt.
 [7 <./figures/interactive_law/db_baseline-eps-converted-to.pdf> <./figures/int
eractive_law/db_data_baseline-eps-converted-to.pdf>] [8 <./figures/interactive_
law/db_data_baseline_third_index-eps-converted-to.pdf> <./figures/interactive_l
aw/mw_baseline-eps-converted-to.pdf> <./figures/interactive_law/client_baseline
-eps-converted-to.pdf> <./figures/interactive_law/stability-eps-converted-to.pd
f> <./figures/interactive_law/rt_1cm-eps-converted-to.pdf> <./figures/interacti
ve_law/rt_2cm-eps-converted-to.pdf>] [9 <./figures/max_tp_2/tp-eps-converted-to
.pdf> <./figures/max_tp_2/rt-eps-converted-to.pdf> <./figures/db_1M_2/tp-eps-co
nverted-to.pdf> <./figures/db_1M_2/rt-eps-converted-to.pdf> <./figures/scalabil
ity/tp-eps-converted-to.pdf> <./figures/scalability/rt-eps-converted-to.pdf>] (
milestone2.aux)

LaTeX Warning: There were multiply-defined labels.

 ) 
Here is how much of TeX's memory you used:
 5911 strings out of 493673
 90147 string characters out of 3141526
 173815 words of memory out of 3000000
 9146 multiletter control sequences out of 15000+200000
 10701 words of font info for 38 fonts, out of 3000000 for 9000
 1025 hyphenation exceptions out of 8191
 42i,9n,81p,2183b,414s stack positions out of 5000i,500n,10000p,200000b,50000s
<C:/Program Files (x86)/MiKTeX 2.9/fonts/type1/public/amsfonts/cm/cmbx10.pfb>
<C:/Program Files (x86)/MiKTeX 2.9/fonts/type1/public/amsfonts/cm/cmbx12.pfb><C
:/Program Files (x86)/MiKTeX 2.9/fonts/type1/public/amsfonts/cm/cmmi10.pfb><C:/
Program Files (x86)/MiKTeX 2.9/fonts/type1/public/amsfonts/cm/cmmi8.pfb><C:/Pro
gram Files (x86)/MiKTeX 2.9/fonts/type1/public/amsfonts/cm/cmr10.pfb><C:/Progra
m Files (x86)/MiKTeX 2.9/fonts/type1/public/amsfonts/cm/cmr12.pfb><C:/Program F
iles (x86)/MiKTeX 2.9/fonts/type1/public/amsfonts/cm/cmr17.pfb><C:/Program File
s (x86)/MiKTeX 2.9/fonts/type1/public/amsfonts/cm/cmr6.pfb><C:/Program Files (x
86)/MiKTeX 2.9/fonts/type1/public/amsfonts/cm/cmr8.pfb><C:/Program Files (x86)/
MiKTeX 2.9/fonts/type1/public/amsfonts/cm/cmr9.pfb><C:/Program Files (x86)/MiKT
eX 2.9/fonts/type1/public/amsfonts/cm/cmsy10.pfb><C:/Program Files (x86)/MiKTeX
 2.9/fonts/type1/public/amsfonts/cm/cmsy8.pfb><C:/Program Files (x86)/MiKTeX 2.
9/fonts/type1/public/amsfonts/cm/cmti10.pfb><C:/Program Files (x86)/MiKTeX 2.9/
fonts/type1/public/amsfonts/cm/cmti12.pfb>
Output written on milestone2.pdf (9 pages, 391288 bytes).
PDF statistics:
 177 PDF objects out of 1000 (max. 8388607)
 0 named destinations out of 1000 (max. 500000)
 86 words of extra memory for PDF output out of 10000 (max. 10000000)

