C:-2,R:-1,L:MIDDLEWARE_START_QUERY,T:223545039178473 
C:-2,R:-1,L:MIDDLEWARE_END_QUERY,T:223545052777489 
C:-2,R:-1,L:MIDDLEWARE_START_COMMIT,T:223545052848958 
C:-2,R:-1,L:MIDDLEWARE_END_COMMIT,T:223545053699385 
C:0,R:0,L:CLIENT_START_CONNECT,T:223547562837265 
C:0,R:0,L:CLIENT_END_CONNECT,T:223547563636341 
C:0,R:1,L:CLIENT_START_WRITE,T:223547576719455 
C:0,R:1,L:CLIENT_END_WRITE,T:223547577200223 
C:0,R:1,L:CLIENT_START_READ,T:223547577646156 
C:0,R:1,L:MIDDLEWARE_START_READ,T:223547564392476 
C:0,R:1,L:MIDDLEWARE_END_READ,T:223547577365984 
C:0,R:1,L:MIDDLEWARE_START_PROCESSING,T:223547579059930 
C:0,R:1,L:MIDDLEWARE_START_QUERY,T:223547580589016 
C:0,R:1,L:MIDDLEWARE_END_QUERY,T:223547582005192 
C:0,R:1,L:MIDDLEWARE_START_COMMIT,T:223547582051437 
C:0,R:1,L:MIDDLEWARE_END_COMMIT,T:223547582532805 
C:0,R:1,L:MIDDLEWARE_END_PROCESSING,T:223547582624994 
C:0,R:1,L:CLIENT_END_READ,T:223547584319842 
C:0,R:1,L:CLIENT_START_POSTPROCESSING,T:223547584369390 
C:0,R:1,L:CLIENT_END_POSTPROCESSING,T:223547585630615 
C:0,R:1,L:CLIENT_START_CONNECT,T:223548754881994 
C:0,R:1,L:CLIENT_END_CONNECT,T:223548755590082 
C:0,R:2,L:CLIENT_START_WRITE,T:223548757418559 
C:0,R:2,L:CLIENT_END_WRITE,T:223548757684617 
C:0,R:2,L:CLIENT_START_READ,T:223548757744075 
C:0,R:2,L:MIDDLEWARE_START_READ,T:223548755708697 
C:0,R:2,L:MIDDLEWARE_END_READ,T:223548757599635 
C:0,R:2,L:MIDDLEWARE_START_PROCESSING,T:223548758584892 
C:0,R:2,L:MIDDLEWARE_START_QUERY,T:223548761148484 
C:0,R:2,L:MIDDLEWARE_END_QUERY,T:223548762603698 
C:0,R:2,L:MIDDLEWARE_START_COMMIT,T:223548762653847 
C:0,R:2,L:MIDDLEWARE_END_COMMIT,T:223548763151430 
C:0,R:2,L:MIDDLEWARE_END_PROCESSING,T:223548763239416 
C:0,R:2,L:CLIENT_END_READ,T:223548763823783 
C:0,R:2,L:CLIENT_START_POSTPROCESSING,T:223548763881139 
C:0,R:2,L:CLIENT_END_POSTPROCESSING,T:223548764782315 
C:0,R:2,L:CLIENT_START_CONNECT,T:223549760712760 
C:0,R:2,L:CLIENT_END_CONNECT,T:223549761461988 
C:0,R:3,L:CLIENT_START_WRITE,T:223549763158937 
C:0,R:3,L:CLIENT_END_WRITE,T:223549763488357 
C:0,R:3,L:CLIENT_START_READ,T:223549763560728 
C:0,R:3,L:MIDDLEWARE_START_READ,T:223549761595318 
C:0,R:3,L:MIDDLEWARE_END_READ,T:223549763492261 
C:0,R:3,L:MIDDLEWARE_START_PROCESSING,T:223549764304551 
C:0,R:3,L:MIDDLEWARE_START_QUERY,T:223549765610220 
C:0,R:3,L:MIDDLEWARE_END_QUERY,T:223549767430589 
C:0,R:3,L:MIDDLEWARE_START_COMMIT,T:223549767490647 
C:0,R:3,L:MIDDLEWARE_END_COMMIT,T:223549768002945 
C:0,R:3,L:MIDDLEWARE_END_PROCESSING,T:223549768088828 
C:0,R:3,L:CLIENT_END_READ,T:223549768608333 
C:0,R:3,L:CLIENT_START_POSTPROCESSING,T:223549768745867 
C:0,R:3,L:CLIENT_END_POSTPROCESSING,T:223549769464165 
